2026-02-10 10:02:54,311 | ERROR | Keepalive failed: (400, -1125, 'This listenKey does not exist.', {'Content-Type': 'application/json', 'Content-Length': '53', 'Connection': 'keep-alive', 'Date': 'Tue, 10 Feb 2026 04:32:54 GMT', 'Access-Control-Allow-Methods': 'GET, POST, PUT, DELETE, OPTIONS', 'Server': 'Bengine', 'x-mbx-used-weight-1m': '1', 'x-response-time': '2ms', 'Access-Control-Allow-Origin': '*', 'X-Cache': 'Error from cloudfront', 'Via': '1.1 9f108a0af4513d6b3d18db352c0e42aa.cloudfront.net (CloudFront)', 'X-Amz-Cf-Pop': 'HYD57-P2', 'X-Amz-Cf-Id': 'KYSzE8IHXi5U3dXVWidWiyo0UKhj9UXRbSQJY9ahVOdMlb0vKo5WAg=='}, None)
2026-02-10 10:10:13,989 | WARNING | Listen Key Expired. Reconnecting.
2026-02-10 10:10:21,207 | INFO | Account WebSocket Connected
2026-02-10 10:32:55,137 | INFO | Listen Key Renewed
2026-02-10 11:02:56,108 | INFO | Listen Key Renewed
2026-02-10 11:32:57,015 | INFO | Listen Key Renewed
2026-02-10 11:51:57,995 | ERROR | Task exception was never retrieved
future: <Task finished name='Task-7' coro=<FuturesManager._price_receiver() done, defined at /var/quantcore_safe/live_terminal.py:158> exception=ConnectionClosedError(None, Close(code=<CloseCode.INTERNAL_ERROR: 1011>, reason='keepalive ping timeout'), None)>
TimeoutError: timed out while closing connection

The above exception was the direct cause of the following exception:

Traceback (most recent call last):
  File "/var/quantcore_safe/live_terminal.py", line 159, in _price_receiver
    async for msg in ws:
  File "/var/quantcore_safe/quantenv/lib/python3.11/site-packages/websockets/asyncio/connection.py", line 244, in __aiter__
    yield await self.recv()
          ^^^^^^^^^^^^^^^^^
  File "/var/quantcore_safe/quantenv/lib/python3.11/site-packages/websockets/asyncio/connection.py", line 324, in recv
    raise self.protocol.close_exc from self.recv_exc
websockets.exceptions.ConnectionClosedError: sent 1011 (internal error) keepalive ping timeout; no close frame received
2026-02-10 11:51:58,004 | ERROR | Price WS Error: [Errno 8] nodename nor servname provided, or not known
2026-02-10 11:52:00,009 | ERROR | Price WS Error: [Errno 8] nodename nor servname provided, or not known
2026-02-10 11:52:02,014 | ERROR | Price WS Error: [Errno 8] nodename nor servname provided, or not known
2026-02-10 11:52:04,021 | ERROR | Price WS Error: [Errno 8] nodename nor servname provided, or not known
2026-02-10 11:52:06,028 | ERROR | Price WS Error: [Errno 8] nodename nor servname provided, or not known
2026-02-10 11:52:08,031 | ERROR | Price WS Error: [Errno 8] nodename nor servname provided, or not known
2026-02-10 11:52:10,036 | ERROR | Price WS Error: [Errno 8] nodename nor servname provided, or not known
2026-02-10 11:52:11,683 | ERROR | Account WS Error: sent 1011 (internal error) keepalive ping timeout; no close frame received
2026-02-10 11:52:12,040 | ERROR | Price WS Error: [Errno 8] nodename nor servname provided, or not known
2026-02-10 11:52:13,690 | ERROR | Account WS Error: [Errno 8] nodename nor servname provided, or not known
2026-02-10 11:52:14,045 | ERROR | Price WS Error: [Errno 8] nodename nor servname provided, or not known
2026-02-10 11:52:15,697 | ERROR | Account WS Error: [Errno 8] nodename nor servname provided, or not known
2026-02-10 11:52:16,051 | ERROR | Price WS Error: [Errno 8] nodename nor servname provided, or not known
2026-02-10 11:52:17,703 | ERROR | Account WS Error: [Errno 8] nodename nor servname provided, or not known
2026-02-10 11:52:18,057 | ERROR | Price WS Error: [Errno 8] nodename nor servname provided, or not known
2026-02-10 11:52:19,709 | ERROR | Account WS Error: [Errno 8] nodename nor servname provided, or not known
2026-02-10 11:52:20,064 | ERROR | Price WS Error: [Errno 8] nodename nor servname provided, or not known
2026-02-10 11:52:21,716 | ERROR | Account WS Error: [Errno 8] nodename nor servname provided, or not known
2026-02-10 11:52:22,070 | ERROR | Price WS Error: [Errno 8] nodename nor servname provided, or not known
2026-02-10 11:52:23,723 | ERROR | Account WS Error: [Errno 8] nodename nor servname provided, or not known
2026-02-10 11:52:24,077 | ERROR | Price WS Error: [Errno 8] nodename nor servname provided, or not known
2026-02-10 11:52:25,730 | ERROR | Account WS Error: [Errno 8] nodename nor servname provided, or not known
2026-02-10 11:52:26,082 | ERROR | Price WS Error: [Errno 8] nodename nor servname provided, or not known
2026-02-10 11:52:27,737 | ERROR | Account WS Error: [Errno 8] nodename nor servname provided, or not known
2026-02-10 11:52:28,089 | ERROR | Price WS Error: [Errno 8] nodename nor servname provided, or not known
2026-02-10 11:52:29,743 | ERROR | Account WS Error: [Errno 8] nodename nor servname provided, or not known
2026-02-10 11:52:30,095 | ERROR | Price WS Error: [Errno 8] nodename nor servname provided, or not known
2026-02-10 11:52:31,749 | ERROR | Account WS Error: [Errno 8] nodename nor servname provided, or not known
2026-02-10 11:52:32,101 | ERROR | Price WS Error: [Errno 8] nodename nor servname provided, or not known
2026-02-10 11:52:33,757 | ERROR | Account WS Error: [Errno 8] nodename nor servname provided, or not known
2026-02-10 11:52:34,107 | ERROR | Price WS Error: [Errno 8] nodename nor servname provided, or not known
2026-02-10 11:52:35,764 | ERROR | Account WS Error: [Errno 8] nodename nor servname provided, or not known
2026-02-10 11:52:36,114 | ERROR | Price WS Error: [Errno 8] nodename nor servname provided, or not known
2026-02-10 11:52:37,771 | ERROR | Account WS Error: [Errno 8] nodename nor servname provided, or not known
2026-02-10 11:52:38,121 | ERROR | Price WS Error: [Errno 8] nodename nor servname provided, or not known
2026-02-10 11:52:39,778 | ERROR | Account WS Error: [Errno 8] nodename nor servname provided, or not known
2026-02-10 11:52:40,127 | ERROR | Price WS Error: [Errno 8] nodename nor servname provided, or not known
2026-02-10 11:52:41,785 | ERROR | Account WS Error: [Errno 8] nodename nor servname provided, or not known
2026-02-10 11:52:42,134 | ERROR | Price WS Error: [Errno 8] nodename nor servname provided, or not known
2026-02-10 11:52:43,791 | ERROR | Account WS Error: [Errno 8] nodename nor servname provided, or not known
2026-02-10 11:52:44,140 | ERROR | Price WS Error: [Errno 8] nodename nor servname provided, or not known
2026-02-10 11:52:45,798 | ERROR | Account WS Error: [Errno 8] nodename nor servname provided, or not known
2026-02-10 11:52:46,145 | ERROR | Price WS Error: [Errno 8] nodename nor servname provided, or not known
2026-02-10 11:52:47,806 | ERROR | Account WS Error: [Errno 8] nodename nor servname provided, or not known
2026-02-10 11:52:48,152 | ERROR | Price WS Error: [Errno 8] nodename nor servname provided, or not known
2026-02-10 11:52:49,813 | ERROR | Account WS Error: [Errno 8] nodename nor servname provided, or not known
2026-02-10 11:52:50,157 | ERROR | Price WS Error: [Errno 8] nodename nor servname provided, or not known
2026-02-10 11:52:51,819 | ERROR | Account WS Error: [Errno 8] nodename nor servname provided, or not known
2026-02-10 11:52:52,164 | ERROR | Price WS Error: [Errno 8] nodename nor servname provided, or not known
2026-02-10 11:52:53,824 | ERROR | Account WS Error: [Errno 8] nodename nor servname provided, or not known
2026-02-10 11:52:54,171 | ERROR | Price WS Error: [Errno 8] nodename nor servname provided, or not known
2026-02-10 11:52:55,831 | ERROR | Account WS Error: [Errno 8] nodename nor servname provided, or not known
2026-02-10 11:52:56,178 | ERROR | Price WS Error: [Errno 8] nodename nor servname provided, or not known
2026-02-10 11:52:57,838 | ERROR | Account WS Error: [Errno 8] nodename nor servname provided, or not known
2026-02-10 11:52:58,185 | ERROR | Price WS Error: [Errno 8] nodename nor servname provided, or not known
2026-02-10 11:52:59,845 | ERROR | Account WS Error: [Errno 8] nodename nor servname provided, or not known
2026-02-10 11:53:00,190 | ERROR | Price WS Error: [Errno 8] nodename nor servname provided, or not known
2026-02-10 11:53:01,850 | ERROR | Account WS Error: [Errno 8] nodename nor servname provided, or not known
2026-02-10 11:53:02,197 | ERROR | Price WS Error: [Errno 8] nodename nor servname provided, or not known
2026-02-10 11:53:03,855 | ERROR | Account WS Error: [Errno 8] nodename nor servname provided, or not known
2026-02-10 11:53:04,202 | ERROR | Price WS Error: [Errno 8] nodename nor servname provided, or not known
2026-02-10 11:53:05,862 | ERROR | Account WS Error: [Errno 8] nodename nor servname provided, or not known
2026-02-10 11:53:06,209 | ERROR | Price WS Error: [Errno 8] nodename nor servname provided, or not known
2026-02-10 11:53:07,869 | ERROR | Account WS Error: [Errno 8] nodename nor servname provided, or not known
2026-02-10 11:53:08,221 | ERROR | Price WS Error: [Errno 8] nodename nor servname provided, or not known
2026-02-10 11:53:09,874 | ERROR | Account WS Error: [Errno 8] nodename nor servname provided, or not known
2026-02-10 11:53:10,226 | ERROR | Price WS Error: [Errno 8] nodename nor servname provided, or not known
2026-02-10 11:53:11,881 | ERROR | Account WS Error: [Errno 8] nodename nor servname provided, or not known
2026-02-10 11:53:12,232 | ERROR | Price WS Error: [Errno 8] nodename nor servname provided, or not known
2026-02-10 11:53:13,886 | ERROR | Account WS Error: [Errno 8] nodename nor servname provided, or not known
2026-02-10 11:53:14,238 | ERROR | Price WS Error: [Errno 8] nodename nor servname provided, or not known
2026-02-10 11:53:15,890 | ERROR | Account WS Error: [Errno 8] nodename nor servname provided, or not known
2026-02-10 11:53:16,243 | ERROR | Price WS Error: [Errno 8] nodename nor servname provided, or not known
2026-02-10 11:53:17,898 | ERROR | Account WS Error: [Errno 8] nodename nor servname provided, or not known
2026-02-10 11:53:18,248 | ERROR | Price WS Error: [Errno 8] nodename nor servname provided, or not known
2026-02-10 11:53:19,904 | ERROR | Account WS Error: [Errno 8] nodename nor servname provided, or not known
2026-02-10 11:53:20,255 | ERROR | Price WS Error: [Errno 8] nodename nor servname provided, or not known
2026-02-10 11:53:21,911 | ERROR | Account WS Error: [Errno 8] nodename nor servname provided, or not known
2026-02-10 11:53:22,261 | ERROR | Price WS Error: [Errno 8] nodename nor servname provided, or not known
2026-02-10 11:53:23,917 | ERROR | Account WS Error: [Errno 8] nodename nor servname provided, or not known
2026-02-10 11:53:24,268 | ERROR | Price WS Error: [Errno 8] nodename nor servname provided, or not known
2026-02-10 11:53:25,923 | ERROR | Account WS Error: [Errno 8] nodename nor servname provided, or not known
2026-02-10 11:53:26,274 | ERROR | Price WS Error: [Errno 8] nodename nor servname provided, or not known
2026-02-10 11:53:27,930 | ERROR | Account WS Error: [Errno 8] nodename nor servname provided, or not known
2026-02-10 11:53:28,281 | ERROR | Price WS Error: [Errno 8] nodename nor servname provided, or not known
2026-02-10 11:53:29,936 | ERROR | Account WS Error: [Errno 8] nodename nor servname provided, or not known
2026-02-10 11:53:30,290 | ERROR | Price WS Error: [Errno 8] nodename nor servname provided, or not known
2026-02-10 11:53:31,943 | ERROR | Account WS Error: [Errno 8] nodename nor servname provided, or not known
2026-02-10 11:53:32,297 | ERROR | Price WS Error: [Errno 8] nodename nor servname provided, or not known
2026-02-10 11:53:33,949 | ERROR | Account WS Error: [Errno 8] nodename nor servname provided, or not known
2026-02-10 11:53:34,302 | ERROR | Price WS Error: [Errno 8] nodename nor servname provided, or not known
2026-02-10 11:53:35,955 | ERROR | Account WS Error: [Errno 8] nodename nor servname provided, or not known
2026-02-10 11:53:36,307 | ERROR | Price WS Error: [Errno 8] nodename nor servname provided, or not known
2026-02-10 11:53:37,961 | ERROR | Account WS Error: [Errno 8] nodename nor servname provided, or not known
2026-02-10 11:53:38,314 | ERROR | Price WS Error: [Errno 8] nodename nor servname provided, or not known
2026-02-10 11:53:39,968 | ERROR | Account WS Error: [Errno 8] nodename nor servname provided, or not known
2026-02-10 11:53:40,320 | ERROR | Price WS Error: [Errno 8] nodename nor servname provided, or not known
2026-02-10 11:53:41,973 | ERROR | Account WS Error: [Errno 8] nodename nor servname provided, or not known
2026-02-10 11:53:42,325 | ERROR | Price WS Error: [Errno 8] nodename nor servname provided, or not known
2026-02-10 11:53:43,980 | ERROR | Account WS Error: [Errno 8] nodename nor servname provided, or not known
2026-02-10 11:53:44,331 | ERROR | Price WS Error: [Errno 8] nodename nor servname provided, or not known
2026-02-10 11:53:45,985 | ERROR | Account WS Error: [Errno 8] nodename nor servname provided, or not known
2026-02-10 11:53:46,337 | ERROR | Price WS Error: [Errno 8] nodename nor servname provided, or not known
2026-02-10 11:53:47,992 | ERROR | Account WS Error: [Errno 8] nodename nor servname provided, or not known
2026-02-10 11:53:48,342 | ERROR | Price WS Error: [Errno 8] nodename nor servname provided, or not known
2026-02-10 11:53:49,999 | ERROR | Account WS Error: [Errno 8] nodename nor servname provided, or not known
2026-02-10 11:53:50,349 | ERROR | Price WS Error: [Errno 8] nodename nor servname provided, or not known
2026-02-10 11:53:52,006 | ERROR | Account WS Error: [Errno 8] nodename nor servname provided, or not known
2026-02-10 11:53:52,356 | ERROR | Price WS Error: [Errno 8] nodename nor servname provided, or not known
2026-02-10 11:53:54,013 | ERROR | Account WS Error: [Errno 8] nodename nor servname provided, or not known
2026-02-10 11:53:54,362 | ERROR | Price WS Error: [Errno 8] nodename nor servname provided, or not known
2026-02-10 11:53:56,020 | ERROR | Account WS Error: [Errno 8] nodename nor servname provided, or not known
2026-02-10 11:53:56,369 | ERROR | Price WS Error: [Errno 8] nodename nor servname provided, or not known
2026-02-10 11:53:58,025 | ERROR | Account WS Error: [Errno 8] nodename nor servname provided, or not known
2026-02-10 11:53:58,376 | ERROR | Price WS Error: [Errno 8] nodename nor servname provided, or not known
2026-02-10 11:54:00,032 | ERROR | Account WS Error: [Errno 8] nodename nor servname provided, or not known
2026-02-10 11:54:00,382 | ERROR | Price WS Error: [Errno 8] nodename nor servname provided, or not known
2026-02-10 11:54:02,038 | ERROR | Account WS Error: [Errno 8] nodename nor servname provided, or not known
2026-02-10 11:54:02,388 | ERROR | Price WS Error: [Errno 8] nodename nor servname provided, or not known
2026-02-10 11:54:04,044 | ERROR | Account WS Error: [Errno 8] nodename nor servname provided, or not known
2026-02-10 11:54:04,393 | ERROR | Price WS Error: [Errno 8] nodename nor servname provided, or not known
2026-02-10 11:54:06,050 | ERROR | Account WS Error: [Errno 8] nodename nor servname provided, or not known
2026-02-10 11:54:06,404 | ERROR | Price WS Error: [Errno 8] nodename nor servname provided, or not known
2026-02-10 11:54:08,057 | ERROR | Account WS Error: [Errno 8] nodename nor servname provided, or not known
2026-02-10 11:54:08,410 | ERROR | Price WS Error: [Errno 8] nodename nor servname provided, or not known
2026-02-10 11:54:10,062 | ERROR | Account WS Error: [Errno 8] nodename nor servname provided, or not known
2026-02-10 11:54:10,417 | ERROR | Price WS Error: [Errno 8] nodename nor servname provided, or not known
2026-02-10 11:54:12,069 | ERROR | Account WS Error: [Errno 8] nodename nor servname provided, or not known
2026-02-10 11:54:12,422 | ERROR | Price WS Error: [Errno 8] nodename nor servname provided, or not known
2026-02-10 11:54:14,074 | ERROR | Account WS Error: [Errno 8] nodename nor servname provided, or not known
2026-02-10 11:54:14,427 | ERROR | Price WS Error: [Errno 8] nodename nor servname provided, or not known
2026-02-10 11:54:16,081 | ERROR | Account WS Error: [Errno 8] nodename nor servname provided, or not known
2026-02-10 11:54:16,434 | ERROR | Price WS Error: [Errno 8] nodename nor servname provided, or not known
2026-02-10 11:54:18,088 | ERROR | Account WS Error: [Errno 8] nodename nor servname provided, or not known
2026-02-10 11:54:18,440 | ERROR | Price WS Error: [Errno 8] nodename nor servname provided, or not known
2026-02-10 11:54:20,095 | ERROR | Account WS Error: [Errno 8] nodename nor servname provided, or not known
2026-02-10 11:54:20,452 | ERROR | Price WS Error: [Errno 8] nodename nor servname provided, or not known
2026-02-10 11:54:22,101 | ERROR | Account WS Error: [Errno 8] nodename nor servname provided, or not known
2026-02-10 11:54:22,458 | ERROR | Price WS Error: [Errno 8] nodename nor servname provided, or not known
2026-02-10 11:54:24,108 | ERROR | Account WS Error: [Errno 8] nodename nor servname provided, or not known
2026-02-10 11:54:24,463 | ERROR | Price WS Error: [Errno 8] nodename nor servname provided, or not known
2026-02-10 11:54:26,115 | ERROR | Account WS Error: [Errno 8] nodename nor servname provided, or not known
2026-02-10 11:54:26,469 | ERROR | Price WS Error: [Errno 8] nodename nor servname provided, or not known
2026-02-10 11:54:28,121 | ERROR | Account WS Error: [Errno 8] nodename nor servname provided, or not known
2026-02-10 11:54:28,476 | ERROR | Price WS Error: [Errno 8] nodename nor servname provided, or not known
2026-02-10 11:54:30,127 | ERROR | Account WS Error: [Errno 8] nodename nor servname provided, or not known
2026-02-10 11:54:30,483 | ERROR | Price WS Error: [Errno 8] nodename nor servname provided, or not known
2026-02-10 11:54:32,133 | ERROR | Account WS Error: [Errno 8] nodename nor servname provided, or not known
2026-02-10 11:54:32,489 | ERROR | Price WS Error: [Errno 8] nodename nor servname provided, or not known
2026-02-10 11:54:34,139 | ERROR | Account WS Error: [Errno 8] nodename nor servname provided, or not known
2026-02-10 11:54:34,496 | ERROR | Price WS Error: [Errno 8] nodename nor servname provided, or not known
2026-02-10 11:54:36,144 | ERROR | Account WS Error: [Errno 8] nodename nor servname provided, or not known
2026-02-10 11:54:36,502 | ERROR | Price WS Error: [Errno 8] nodename nor servname provided, or not known
2026-02-10 11:54:38,150 | ERROR | Account WS Error: [Errno 8] nodename nor servname provided, or not known
2026-02-10 11:54:38,508 | ERROR | Price WS Error: [Errno 8] nodename nor servname provided, or not known
2026-02-10 11:54:40,156 | ERROR | Account WS Error: [Errno 8] nodename nor servname provided, or not known
2026-02-10 11:54:40,515 | ERROR | Price WS Error: [Errno 8] nodename nor servname provided, or not known
2026-02-10 11:54:42,162 | ERROR | Account WS Error: [Errno 8] nodename nor servname provided, or not known
2026-02-10 11:54:42,521 | ERROR | Price WS Error: [Errno 8] nodename nor servname provided, or not known
2026-02-10 11:54:44,168 | ERROR | Account WS Error: [Errno 8] nodename nor servname provided, or not known
2026-02-10 11:54:44,527 | ERROR | Price WS Error: [Errno 8] nodename nor servname provided, or not known
2026-02-10 11:54:46,174 | ERROR | Account WS Error: [Errno 8] nodename nor servname provided, or not known
2026-02-10 11:54:46,533 | ERROR | Price WS Error: [Errno 8] nodename nor servname provided, or not known
2026-02-10 11:54:48,180 | ERROR | Account WS Error: [Errno 8] nodename nor servname provided, or not known
2026-02-10 11:54:48,540 | ERROR | Price WS Error: [Errno 8] nodename nor servname provided, or not known
2026-02-10 11:54:50,186 | ERROR | Account WS Error: [Errno 8] nodename nor servname provided, or not known
2026-02-10 11:54:50,548 | ERROR | Price WS Error: [Errno 8] nodename nor servname provided, or not known
2026-02-10 11:54:52,190 | ERROR | Account WS Error: [Errno 8] nodename nor servname provided, or not known
2026-02-10 11:54:52,553 | ERROR | Price WS Error: [Errno 8] nodename nor servname provided, or not known
2026-02-10 11:54:54,195 | ERROR | Account WS Error: [Errno 8] nodename nor servname provided, or not known
2026-02-10 11:54:54,560 | ERROR | Price WS Error: [Errno 8] nodename nor servname provided, or not known
2026-02-10 11:54:56,201 | ERROR | Account WS Error: [Errno 8] nodename nor servname provided, or not known
2026-02-10 11:54:56,573 | ERROR | Price WS Error: [Errno 8] nodename nor servname provided, or not known
2026-02-10 11:54:58,206 | ERROR | Account WS Error: [Errno 8] nodename nor servname provided, or not known
2026-02-10 11:54:58,577 | ERROR | Price WS Error: [Errno 8] nodename nor servname provided, or not known
2026-02-10 11:55:00,213 | ERROR | Account WS Error: [Errno 8] nodename nor servname provided, or not known
2026-02-10 11:55:00,583 | ERROR | Price WS Error: [Errno 8] nodename nor servname provided, or not known
2026-02-10 11:55:02,218 | ERROR | Account WS Error: [Errno 8] nodename nor servname provided, or not known
2026-02-10 11:55:02,589 | ERROR | Price WS Error: [Errno 8] nodename nor servname provided, or not known
2026-02-10 11:55:04,224 | ERROR | Account WS Error: [Errno 8] nodename nor servname provided, or not known
2026-02-10 11:55:04,595 | ERROR | Price WS Error: [Errno 8] nodename nor servname provided, or not known
2026-02-10 11:55:06,231 | ERROR | Account WS Error: [Errno 8] nodename nor servname provided, or not known
2026-02-10 11:55:06,600 | ERROR | Price WS Error: [Errno 8] nodename nor servname provided, or not known
2026-02-10 11:55:08,243 | ERROR | Account WS Error: [Errno 8] nodename nor servname provided, or not known
2026-02-10 11:55:08,607 | ERROR | Price WS Error: [Errno 8] nodename nor servname provided, or not known
2026-02-10 11:55:10,248 | ERROR | Account WS Error: [Errno 8] nodename nor servname provided, or not known
2026-02-10 11:55:10,614 | ERROR | Price WS Error: [Errno 8] nodename nor servname provided, or not known
2026-02-10 11:55:12,255 | ERROR | Account WS Error: [Errno 8] nodename nor servname provided, or not known
2026-02-10 11:55:12,618 | ERROR | Price WS Error: [Errno 8] nodename nor servname provided, or not known
2026-02-10 11:55:14,262 | ERROR | Account WS Error: [Errno 8] nodename nor servname provided, or not known
2026-02-10 11:55:14,622 | ERROR | Price WS Error: [Errno 8] nodename nor servname provided, or not known
2026-02-10 11:55:16,268 | ERROR | Account WS Error: [Errno 8] nodename nor servname provided, or not known
2026-02-10 11:55:16,629 | ERROR | Price WS Error: [Errno 8] nodename nor servname provided, or not known
2026-02-10 11:55:18,273 | ERROR | Account WS Error: [Errno 8] nodename nor servname provided, or not known
2026-02-10 11:55:18,636 | ERROR | Price WS Error: [Errno 8] nodename nor servname provided, or not known
2026-02-10 11:55:20,280 | ERROR | Account WS Error: [Errno 8] nodename nor servname provided, or not known
2026-02-10 11:55:20,642 | ERROR | Price WS Error: [Errno 8] nodename nor servname provided, or not known
2026-02-10 11:55:22,290 | ERROR | Account WS Error: [Errno 8] nodename nor servname provided, or not known
2026-02-10 11:55:22,649 | ERROR | Price WS Error: [Errno 8] nodename nor servname provided, or not known
2026-02-10 11:55:24,314 | ERROR | Account WS Error: [Errno 8] nodename nor servname provided, or not known
2026-02-10 11:55:24,655 | ERROR | Price WS Error: [Errno 8] nodename nor servname provided, or not known
2026-02-10 11:55:26,319 | ERROR | Account WS Error: [Errno 8] nodename nor servname provided, or not known
2026-02-10 11:55:26,662 | ERROR | Price WS Error: [Errno 8] nodename nor servname provided, or not known
2026-02-10 11:55:28,324 | ERROR | Account WS Error: [Errno 8] nodename nor servname provided, or not known
2026-02-10 11:55:28,669 | ERROR | Price WS Error: [Errno 8] nodename nor servname provided, or not known
2026-02-10 11:55:30,332 | ERROR | Account WS Error: [Errno 8] nodename nor servname provided, or not known
2026-02-10 11:55:30,676 | ERROR | Price WS Error: [Errno 8] nodename nor servname provided, or not known
2026-02-10 11:55:32,338 | ERROR | Account WS Error: [Errno 8] nodename nor servname provided, or not known
2026-02-10 11:55:32,682 | ERROR | Price WS Error: [Errno 8] nodename nor servname provided, or not known
2026-02-10 11:55:34,345 | ERROR | Account WS Error: [Errno 8] nodename nor servname provided, or not known
2026-02-10 11:55:34,688 | ERROR | Price WS Error: [Errno 8] nodename nor servname provided, or not known
2026-02-10 11:55:36,351 | ERROR | Account WS Error: [Errno 8] nodename nor servname provided, or not known
2026-02-10 11:55:36,695 | ERROR | Price WS Error: [Errno 8] nodename nor servname provided, or not known
2026-02-10 11:55:38,357 | ERROR | Account WS Error: [Errno 8] nodename nor servname provided, or not known
2026-02-10 11:55:38,702 | ERROR | Price WS Error: [Errno 8] nodename nor servname provided, or not known
2026-02-10 11:55:40,364 | ERROR | Account WS Error: [Errno 8] nodename nor servname provided, or not known
2026-02-10 11:55:40,708 | ERROR | Price WS Error: [Errno 8] nodename nor servname provided, or not known
2026-02-10 11:55:42,368 | ERROR | Account WS Error: [Errno 8] nodename nor servname provided, or not known
2026-02-10 11:55:42,713 | ERROR | Price WS Error: [Errno 8] nodename nor servname provided, or not known
2026-02-10 11:55:44,375 | ERROR | Account WS Error: [Errno 8] nodename nor servname provided, or not known
2026-02-10 11:55:44,720 | ERROR | Price WS Error: [Errno 8] nodename nor servname provided, or not known
2026-02-10 11:55:46,381 | ERROR | Account WS Error: [Errno 8] nodename nor servname provided, or not known
2026-02-10 11:55:46,726 | ERROR | Price WS Error: [Errno 8] nodename nor servname provided, or not known
2026-02-10 11:55:48,388 | ERROR | Account WS Error: [Errno 8] nodename nor servname provided, or not known
2026-02-10 11:55:48,732 | ERROR | Price WS Error: [Errno 8] nodename nor servname provided, or not known
2026-02-10 11:55:50,395 | ERROR | Account WS Error: [Errno 8] nodename nor servname provided, or not known
2026-02-10 11:55:50,737 | ERROR | Price WS Error: [Errno 8] nodename nor servname provided, or not known
2026-02-10 11:55:52,400 | ERROR | Account WS Error: [Errno 8] nodename nor servname provided, or not known
2026-02-10 11:55:52,743 | ERROR | Price WS Error: [Errno 8] nodename nor servname provided, or not known
2026-02-10 11:55:54,404 | ERROR | Account WS Error: [Errno 8] nodename nor servname provided, or not known
2026-02-10 11:55:54,749 | ERROR | Price WS Error: [Errno 8] nodename nor servname provided, or not known
2026-02-10 11:55:56,412 | ERROR | Account WS Error: [Errno 8] nodename nor servname provided, or not known
2026-02-10 11:55:56,760 | ERROR | Price WS Error: [Errno 8] nodename nor servname provided, or not known
2026-02-10 11:55:58,418 | ERROR | Account WS Error: [Errno 8] nodename nor servname provided, or not known
2026-02-10 11:55:58,766 | ERROR | Price WS Error: [Errno 8] nodename nor servname provided, or not known
2026-02-10 11:56:00,426 | ERROR | Account WS Error: [Errno 8] nodename nor servname provided, or not known
2026-02-10 11:56:00,771 | ERROR | Price WS Error: [Errno 8] nodename nor servname provided, or not known
2026-02-10 11:56:02,433 | ERROR | Account WS Error: [Errno 8] nodename nor servname provided, or not known
2026-02-10 11:56:02,778 | ERROR | Price WS Error: [Errno 8] nodename nor servname provided, or not known
2026-02-10 11:56:04,439 | ERROR | Account WS Error: [Errno 8] nodename nor servname provided, or not known
2026-02-10 11:56:04,783 | ERROR | Price WS Error: [Errno 8] nodename nor servname provided, or not known
2026-02-10 11:56:06,444 | ERROR | Account WS Error: [Errno 8] nodename nor servname provided, or not known
2026-02-10 11:56:06,790 | ERROR | Price WS Error: [Errno 8] nodename nor servname provided, or not known
2026-02-10 11:56:08,450 | ERROR | Account WS Error: [Errno 8] nodename nor servname provided, or not known
2026-02-10 11:56:08,797 | ERROR | Price WS Error: [Errno 8] nodename nor servname provided, or not known
2026-02-10 11:56:10,457 | ERROR | Account WS Error: [Errno 8] nodename nor servname provided, or not known
2026-02-10 11:56:10,803 | ERROR | Price WS Error: [Errno 8] nodename nor servname provided, or not known
2026-02-10 11:56:12,464 | ERROR | Account WS Error: [Errno 8] nodename nor servname provided, or not known
2026-02-10 11:56:12,810 | ERROR | Price WS Error: [Errno 8] nodename nor servname provided, or not known
2026-02-10 11:56:14,470 | ERROR | Account WS Error: [Errno 8] nodename nor servname provided, or not known
2026-02-10 11:56:14,815 | ERROR | Price WS Error: [Errno 8] nodename nor servname provided, or not known
2026-02-10 11:56:16,474 | ERROR | Account WS Error: [Errno 8] nodename nor servname provided, or not known
2026-02-10 11:56:16,822 | ERROR | Price WS Error: [Errno 8] nodename nor servname provided, or not known
2026-02-10 11:56:18,485 | ERROR | Account WS Error: [Errno 8] nodename nor servname provided, or not known
2026-02-10 11:56:18,829 | ERROR | Price WS Error: [Errno 8] nodename nor servname provided, or not known
2026-02-10 11:56:20,492 | ERROR | Account WS Error: [Errno 8] nodename nor servname provided, or not known
2026-02-10 11:56:20,835 | ERROR | Price WS Error: [Errno 8] nodename nor servname provided, or not known
2026-02-10 11:56:22,499 | ERROR | Account WS Error: [Errno 8] nodename nor servname provided, or not known
2026-02-10 11:56:22,842 | ERROR | Price WS Error: [Errno 8] nodename nor servname provided, or not known
2026-02-10 11:56:24,504 | ERROR | Account WS Error: [Errno 8] nodename nor servname provided, or not known
2026-02-10 11:56:24,855 | ERROR | Price WS Error: [Errno 8] nodename nor servname provided, or not known
2026-02-10 11:56:26,509 | ERROR | Account WS Error: [Errno 8] nodename nor servname provided, or not known
2026-02-10 11:56:26,861 | ERROR | Price WS Error: [Errno 8] nodename nor servname provided, or not known
2026-02-10 11:56:28,517 | ERROR | Account WS Error: [Errno 8] nodename nor servname provided, or not known
2026-02-10 11:56:28,866 | ERROR | Price WS Error: [Errno 8] nodename nor servname provided, or not known
2026-02-10 11:56:30,522 | ERROR | Account WS Error: [Errno 8] nodename nor servname provided, or not known
2026-02-10 11:56:30,873 | ERROR | Price WS Error: [Errno 8] nodename nor servname provided, or not known
2026-02-10 11:56:32,527 | ERROR | Account WS Error: [Errno 8] nodename nor servname provided, or not known
2026-02-10 11:56:32,880 | ERROR | Price WS Error: [Errno 8] nodename nor servname provided, or not known
2026-02-10 11:56:34,533 | ERROR | Account WS Error: [Errno 8] nodename nor servname provided, or not known
2026-02-10 11:56:34,885 | ERROR | Price WS Error: [Errno 8] nodename nor servname provided, or not known
2026-02-10 11:56:36,541 | ERROR | Account WS Error: [Errno 8] nodename nor servname provided, or not known
2026-02-10 11:56:36,892 | ERROR | Price WS Error: [Errno 8] nodename nor servname provided, or not known
2026-02-10 11:56:38,547 | ERROR | Account WS Error: [Errno 8] nodename nor servname provided, or not known
2026-02-10 11:56:38,899 | ERROR | Price WS Error: [Errno 8] nodename nor servname provided, or not known
2026-02-10 11:56:40,554 | ERROR | Account WS Error: [Errno 8] nodename nor servname provided, or not known
2026-02-10 11:56:40,905 | ERROR | Price WS Error: [Errno 8] nodename nor servname provided, or not known
2026-02-10 11:56:42,562 | ERROR | Account WS Error: [Errno 8] nodename nor servname provided, or not known
2026-02-10 11:56:42,912 | ERROR | Price WS Error: [Errno 8] nodename nor servname provided, or not known
2026-02-10 11:56:44,568 | ERROR | Account WS Error: [Errno 8] nodename nor servname provided, or not known
2026-02-10 11:56:44,924 | ERROR | Price WS Error: [Errno 8] nodename nor servname provided, or not known
2026-02-10 11:56:46,574 | ERROR | Account WS Error: [Errno 8] nodename nor servname provided, or not known
2026-02-10 11:56:46,931 | ERROR | Price WS Error: [Errno 8] nodename nor servname provided, or not known
2026-02-10 11:56:48,580 | ERROR | Account WS Error: [Errno 8] nodename nor servname provided, or not known
2026-02-10 11:56:48,938 | ERROR | Price WS Error: [Errno 8] nodename nor servname provided, or not known
2026-02-10 11:56:50,585 | ERROR | Account WS Error: [Errno 8] nodename nor servname provided, or not known
2026-02-10 11:56:50,944 | ERROR | Price WS Error: [Errno 8] nodename nor servname provided, or not known
2026-02-10 11:56:52,592 | ERROR | Account WS Error: [Errno 8] nodename nor servname provided, or not known
2026-02-10 11:56:52,950 | ERROR | Price WS Error: [Errno 8] nodename nor servname provided, or not known
2026-02-10 11:56:54,597 | ERROR | Account WS Error: [Errno 8] nodename nor servname provided, or not known
2026-02-10 11:56:54,957 | ERROR | Price WS Error: [Errno 8] nodename nor servname provided, or not known
2026-02-10 11:56:56,602 | ERROR | Account WS Error: [Errno 8] nodename nor servname provided, or not known
2026-02-10 11:56:56,964 | ERROR | Price WS Error: [Errno 8] nodename nor servname provided, or not known
2026-02-10 11:56:58,609 | ERROR | Account WS Error: [Errno 8] nodename nor servname provided, or not known
2026-02-10 11:56:58,968 | ERROR | Price WS Error: [Errno 8] nodename nor servname provided, or not known
2026-02-10 11:57:00,621 | ERROR | Account WS Error: [Errno 8] nodename nor servname provided, or not known
2026-02-10 11:57:00,976 | ERROR | Price WS Error: [Errno 8] nodename nor servname provided, or not known
2026-02-10 11:57:02,626 | ERROR | Account WS Error: [Errno 8] nodename nor servname provided, or not known
2026-02-10 11:57:02,981 | ERROR | Price WS Error: [Errno 8] nodename nor servname provided, or not known
2026-02-10 11:57:04,634 | ERROR | Account WS Error: [Errno 8] nodename nor servname provided, or not known
2026-02-10 11:57:04,988 | ERROR | Price WS Error: [Errno 8] nodename nor servname provided, or not known
2026-02-10 11:57:06,641 | ERROR | Account WS Error: [Errno 8] nodename nor servname provided, or not known
2026-02-10 11:57:06,994 | ERROR | Price WS Error: [Errno 8] nodename nor servname provided, or not known
2026-02-10 11:57:08,648 | ERROR | Account WS Error: [Errno 8] nodename nor servname provided, or not known
2026-02-10 11:57:09,001 | ERROR | Price WS Error: [Errno 8] nodename nor servname provided, or not known
2026-02-10 11:57:10,655 | ERROR | Account WS Error: [Errno 8] nodename nor servname provided, or not known
2026-02-10 11:57:11,008 | ERROR | Price WS Error: [Errno 8] nodename nor servname provided, or not known
2026-02-10 11:57:12,662 | ERROR | Account WS Error: [Errno 8] nodename nor servname provided, or not known
2026-02-10 11:57:13,015 | ERROR | Price WS Error: [Errno 8] nodename nor servname provided, or not known
2026-02-10 11:57:14,674 | ERROR | Account WS Error: [Errno 8] nodename nor servname provided, or not known
2026-02-10 11:57:15,021 | ERROR | Price WS Error: [Errno 8] nodename nor servname provided, or not known
2026-02-10 11:57:16,680 | ERROR | Account WS Error: [Errno 8] nodename nor servname provided, or not known
2026-02-10 11:57:17,034 | ERROR | Price WS Error: [Errno 8] nodename nor servname provided, or not known
2026-02-10 11:57:18,687 | ERROR | Account WS Error: [Errno 8] nodename nor servname provided, or not known
2026-02-10 11:57:19,040 | ERROR | Price WS Error: [Errno 8] nodename nor servname provided, or not known
2026-02-10 11:57:20,694 | ERROR | Account WS Error: [Errno 8] nodename nor servname provided, or not known
2026-02-10 11:57:21,047 | ERROR | Price WS Error: [Errno 8] nodename nor servname provided, or not known
2026-02-10 11:57:22,699 | ERROR | Account WS Error: [Errno 8] nodename nor servname provided, or not known
2026-02-10 11:57:23,054 | ERROR | Price WS Error: [Errno 8] nodename nor servname provided, or not known
2026-02-10 11:57:24,707 | ERROR | Account WS Error: [Errno 8] nodename nor servname provided, or not known
2026-02-10 11:57:25,061 | ERROR | Price WS Error: [Errno 8] nodename nor servname provided, or not known
2026-02-10 11:57:26,714 | ERROR | Account WS Error: [Errno 8] nodename nor servname provided, or not known
2026-02-10 11:57:27,064 | ERROR | Price WS Error: [Errno 8] nodename nor servname provided, or not known
2026-02-10 11:57:28,719 | ERROR | Account WS Error: [Errno 8] nodename nor servname provided, or not known
2026-02-10 11:57:29,070 | ERROR | Price WS Error: [Errno 8] nodename nor servname provided, or not known
2026-02-10 11:57:30,726 | ERROR | Account WS Error: [Errno 8] nodename nor servname provided, or not known
2026-02-10 11:57:31,076 | ERROR | Price WS Error: [Errno 8] nodename nor servname provided, or not known
2026-02-10 11:57:32,732 | ERROR | Account WS Error: [Errno 8] nodename nor servname provided, or not known
2026-02-10 11:57:33,082 | ERROR | Price WS Error: [Errno 8] nodename nor servname provided, or not known
2026-02-10 11:57:34,738 | ERROR | Account WS Error: [Errno 8] nodename nor servname provided, or not known
2026-02-10 11:57:35,088 | ERROR | Price WS Error: [Errno 8] nodename nor servname provided, or not known
2026-02-10 11:57:36,745 | ERROR | Account WS Error: [Errno 8] nodename nor servname provided, or not known
2026-02-10 11:57:37,095 | ERROR | Price WS Error: [Errno 8] nodename nor servname provided, or not known
2026-02-10 11:57:38,751 | ERROR | Account WS Error: [Errno 8] nodename nor servname provided, or not known
2026-02-10 11:57:39,102 | ERROR | Price WS Error: [Errno 8] nodename nor servname provided, or not known
2026-02-10 11:57:40,758 | ERROR | Account WS Error: [Errno 8] nodename nor servname provided, or not known
2026-02-10 11:57:41,107 | ERROR | Price WS Error: [Errno 8] nodename nor servname provided, or not known
2026-02-10 11:57:42,764 | ERROR | Account WS Error: [Errno 8] nodename nor servname provided, or not known
2026-02-10 11:57:43,112 | ERROR | Price WS Error: [Errno 8] nodename nor servname provided, or not known
2026-02-10 11:57:44,769 | ERROR | Account WS Error: [Errno 8] nodename nor servname provided, or not known
2026-02-10 11:57:45,123 | ERROR | Price WS Error: [Errno 8] nodename nor servname provided, or not known
2026-02-10 11:57:46,776 | ERROR | Account WS Error: [Errno 8] nodename nor servname provided, or not known
2026-02-10 11:57:47,129 | ERROR | Price WS Error: [Errno 8] nodename nor servname provided, or not known
2026-02-10 11:57:48,783 | ERROR | Account WS Error: [Errno 8] nodename nor servname provided, or not known
2026-02-10 11:57:49,134 | ERROR | Price WS Error: [Errno 8] nodename nor servname provided, or not known
2026-02-10 11:57:50,790 | ERROR | Account WS Error: [Errno 8] nodename nor servname provided, or not known
2026-02-10 11:57:51,141 | ERROR | Price WS Error: [Errno 8] nodename nor servname provided, or not known
2026-02-10 11:57:52,802 | ERROR | Account WS Error: [Errno 8] nodename nor servname provided, or not known
2026-02-10 11:57:53,148 | ERROR | Price WS Error: [Errno 8] nodename nor servname provided, or not known
2026-02-10 11:57:54,810 | ERROR | Account WS Error: [Errno 8] nodename nor servname provided, or not known
2026-02-10 11:57:55,153 | ERROR | Price WS Error: [Errno 8] nodename nor servname provided, or not known
2026-02-10 11:57:56,816 | ERROR | Account WS Error: [Errno 8] nodename nor servname provided, or not known
2026-02-10 11:57:57,160 | ERROR | Price WS Error: [Errno 8] nodename nor servname provided, or not known
2026-02-10 11:57:58,822 | ERROR | Account WS Error: [Errno 8] nodename nor servname provided, or not known
2026-02-10 11:57:59,171 | ERROR | Price WS Error: [Errno 8] nodename nor servname provided, or not known
2026-02-10 11:58:00,829 | ERROR | Account WS Error: [Errno 8] nodename nor servname provided, or not known
2026-02-10 11:58:01,176 | ERROR | Price WS Error: [Errno 8] nodename nor servname provided, or not known
2026-02-10 11:58:02,835 | ERROR | Account WS Error: [Errno 8] nodename nor servname provided, or not known
2026-02-10 11:58:03,182 | ERROR | Price WS Error: [Errno 8] nodename nor servname provided, or not known
2026-02-10 11:58:04,842 | ERROR | Account WS Error: [Errno 8] nodename nor servname provided, or not known
2026-02-10 11:58:05,188 | ERROR | Price WS Error: [Errno 8] nodename nor servname provided, or not known
2026-02-10 11:58:06,849 | ERROR | Account WS Error: [Errno 8] nodename nor servname provided, or not known
2026-02-10 11:58:07,195 | ERROR | Price WS Error: [Errno 8] nodename nor servname provided, or not known
2026-02-10 11:58:08,856 | ERROR | Account WS Error: [Errno 8] nodename nor servname provided, or not known
2026-02-10 11:58:09,201 | ERROR | Price WS Error: [Errno 8] nodename nor servname provided, or not known
2026-02-10 11:58:10,861 | ERROR | Account WS Error: [Errno 8] nodename nor servname provided, or not known
2026-02-10 11:58:11,208 | ERROR | Price WS Error: [Errno 8] nodename nor servname provided, or not known
2026-02-10 11:58:12,867 | ERROR | Account WS Error: [Errno 8] nodename nor servname provided, or not known
2026-02-10 11:58:13,215 | ERROR | Price WS Error: [Errno 8] nodename nor servname provided, or not known
2026-02-10 11:58:14,874 | ERROR | Account WS Error: [Errno 8] nodename nor servname provided, or not known
2026-02-10 11:58:15,222 | ERROR | Price WS Error: [Errno 8] nodename nor servname provided, or not known
2026-02-10 11:58:16,881 | ERROR | Account WS Error: [Errno 8] nodename nor servname provided, or not known
2026-02-10 11:58:17,226 | ERROR | Price WS Error: [Errno 8] nodename nor servname provided, or not known
2026-02-10 11:58:18,887 | ERROR | Account WS Error: [Errno 8] nodename nor servname provided, or not known
2026-02-10 11:58:19,232 | ERROR | Price WS Error: [Errno 8] nodename nor servname provided, or not known
2026-02-10 11:58:20,894 | ERROR | Account WS Error: [Errno 8] nodename nor servname provided, or not known
2026-02-10 11:58:21,238 | ERROR | Price WS Error: [Errno 8] nodename nor servname provided, or not known
2026-02-10 11:58:22,901 | ERROR | Account WS Error: [Errno 8] nodename nor servname provided, or not known
2026-02-10 11:58:23,245 | ERROR | Price WS Error: [Errno 8] nodename nor servname provided, or not known
2026-02-10 11:58:24,908 | ERROR | Account WS Error: [Errno 8] nodename nor servname provided, or not known
2026-02-10 11:58:25,251 | ERROR | Price WS Error: [Errno 8] nodename nor servname provided, or not known
2026-02-10 11:58:26,915 | ERROR | Account WS Error: [Errno 8] nodename nor servname provided, or not known
2026-02-10 11:58:27,258 | ERROR | Price WS Error: [Errno 8] nodename nor servname provided, or not known
2026-02-10 11:58:28,921 | ERROR | Account WS Error: [Errno 8] nodename nor servname provided, or not known
2026-02-10 11:58:29,263 | ERROR | Price WS Error: [Errno 8] nodename nor servname provided, or not known
2026-02-10 11:58:30,928 | ERROR | Account WS Error: [Errno 8] nodename nor servname provided, or not known
2026-02-10 11:58:31,269 | ERROR | Price WS Error: [Errno 8] nodename nor servname provided, or not known
2026-02-10 11:58:32,934 | ERROR | Account WS Error: [Errno 8] nodename nor servname provided, or not known
2026-02-10 11:58:33,275 | ERROR | Price WS Error: [Errno 8] nodename nor servname provided, or not known
2026-02-10 11:58:34,941 | ERROR | Account WS Error: [Errno 8] nodename nor servname provided, or not known
2026-02-10 11:58:35,282 | ERROR | Price WS Error: [Errno 8] nodename nor servname provided, or not known
2026-02-10 11:58:36,947 | ERROR | Account WS Error: [Errno 8] nodename nor servname provided, or not known
2026-02-10 11:58:37,287 | ERROR | Price WS Error: [Errno 8] nodename nor servname provided, or not known
2026-02-10 11:58:38,953 | ERROR | Account WS Error: [Errno 8] nodename nor servname provided, or not known
2026-02-10 11:58:39,294 | ERROR | Price WS Error: [Errno 8] nodename nor servname provided, or not known
2026-02-10 11:58:40,961 | ERROR | Account WS Error: [Errno 8] nodename nor servname provided, or not known
2026-02-10 11:58:41,300 | ERROR | Price WS Error: [Errno 8] nodename nor servname provided, or not known
2026-02-10 11:58:42,966 | ERROR | Account WS Error: [Errno 8] nodename nor servname provided, or not known
2026-02-10 11:58:43,307 | ERROR | Price WS Error: [Errno 8] nodename nor servname provided, or not known
2026-02-10 11:58:44,971 | ERROR | Account WS Error: [Errno 8] nodename nor servname provided, or not known
2026-02-10 11:58:45,314 | ERROR | Price WS Error: [Errno 8] nodename nor servname provided, or not known
2026-02-10 11:58:46,978 | ERROR | Account WS Error: [Errno 8] nodename nor servname provided, or not known
2026-02-10 11:58:47,320 | ERROR | Price WS Error: [Errno 8] nodename nor servname provided, or not known
2026-02-10 11:58:48,984 | ERROR | Account WS Error: [Errno 8] nodename nor servname provided, or not known
2026-02-10 11:58:49,327 | ERROR | Price WS Error: [Errno 8] nodename nor servname provided, or not known
2026-02-10 11:58:50,991 | ERROR | Account WS Error: [Errno 8] nodename nor servname provided, or not known
2026-02-10 11:58:51,332 | ERROR | Price WS Error: [Errno 8] nodename nor servname provided, or not known
2026-02-10 11:58:53,000 | ERROR | Account WS Error: [Errno 8] nodename nor servname provided, or not known
2026-02-10 11:58:53,338 | ERROR | Price WS Error: [Errno 8] nodename nor servname provided, or not known
2026-02-10 11:58:55,007 | ERROR | Account WS Error: [Errno 8] nodename nor servname provided, or not known
2026-02-10 11:58:55,345 | ERROR | Price WS Error: [Errno 8] nodename nor servname provided, or not known
2026-02-10 11:58:57,017 | ERROR | Account WS Error: [Errno 8] nodename nor servname provided, or not known
2026-02-10 11:58:57,350 | ERROR | Price WS Error: [Errno 8] nodename nor servname provided, or not known
2026-02-10 11:58:59,021 | ERROR | Account WS Error: [Errno 8] nodename nor servname provided, or not known
2026-02-10 11:58:59,357 | ERROR | Price WS Error: [Errno 8] nodename nor servname provided, or not known
2026-02-10 11:59:01,027 | ERROR | Account WS Error: [Errno 8] nodename nor servname provided, or not known
2026-02-10 11:59:01,364 | ERROR | Price WS Error: [Errno 8] nodename nor servname provided, or not known
2026-02-10 11:59:03,033 | ERROR | Account WS Error: [Errno 8] nodename nor servname provided, or not known
2026-02-10 11:59:03,369 | ERROR | Price WS Error: [Errno 8] nodename nor servname provided, or not known
2026-02-10 11:59:05,040 | ERROR | Account WS Error: [Errno 8] nodename nor servname provided, or not known
2026-02-10 11:59:05,377 | ERROR | Price WS Error: [Errno 8] nodename nor servname provided, or not known
2026-02-10 11:59:07,047 | ERROR | Account WS Error: [Errno 8] nodename nor servname provided, or not known
2026-02-10 11:59:07,385 | ERROR | Price WS Error: [Errno 8] nodename nor servname provided, or not known
2026-02-10 11:59:09,054 | ERROR | Account WS Error: [Errno 8] nodename nor servname provided, or not known
2026-02-10 11:59:09,391 | ERROR | Price WS Error: [Errno 8] nodename nor servname provided, or not known
2026-02-10 11:59:11,061 | ERROR | Account WS Error: [Errno 8] nodename nor servname provided, or not known
2026-02-10 11:59:11,398 | ERROR | Price WS Error: [Errno 8] nodename nor servname provided, or not known
2026-02-10 11:59:13,066 | ERROR | Account WS Error: [Errno 8] nodename nor servname provided, or not known
2026-02-10 11:59:13,404 | ERROR | Price WS Error: [Errno 8] nodename nor servname provided, or not known
2026-02-10 11:59:15,073 | ERROR | Account WS Error: [Errno 8] nodename nor servname provided, or not known
2026-02-10 11:59:15,410 | ERROR | Price WS Error: [Errno 8] nodename nor servname provided, or not known
2026-02-10 11:59:17,080 | ERROR | Account WS Error: [Errno 8] nodename nor servname provided, or not known
2026-02-10 11:59:17,416 | ERROR | Price WS Error: [Errno 8] nodename nor servname provided, or not known
2026-02-10 11:59:19,086 | ERROR | Account WS Error: [Errno 8] nodename nor servname provided, or not known
2026-02-10 11:59:19,423 | ERROR | Price WS Error: [Errno 8] nodename nor servname provided, or not known
2026-02-10 11:59:21,091 | ERROR | Account WS Error: [Errno 8] nodename nor servname provided, or not known
2026-02-10 11:59:21,429 | ERROR | Price WS Error: [Errno 8] nodename nor servname provided, or not known
2026-02-10 11:59:23,097 | ERROR | Account WS Error: [Errno 8] nodename nor servname provided, or not known
2026-02-10 11:59:23,434 | ERROR | Price WS Error: [Errno 8] nodename nor servname provided, or not known
2026-02-10 11:59:25,104 | ERROR | Account WS Error: [Errno 8] nodename nor servname provided, or not known
2026-02-10 11:59:25,439 | ERROR | Price WS Error: [Errno 8] nodename nor servname provided, or not known
2026-02-10 11:59:27,111 | ERROR | Account WS Error: [Errno 8] nodename nor servname provided, or not known
2026-02-10 11:59:27,445 | ERROR | Price WS Error: [Errno 8] nodename nor servname provided, or not known
2026-02-10 11:59:29,117 | ERROR | Account WS Error: [Errno 8] nodename nor servname provided, or not known
2026-02-10 11:59:29,450 | ERROR | Price WS Error: [Errno 8] nodename nor servname provided, or not known
2026-02-10 11:59:31,124 | ERROR | Account WS Error: [Errno 8] nodename nor servname provided, or not known
2026-02-10 11:59:31,455 | ERROR | Price WS Error: [Errno 8] nodename nor servname provided, or not known
2026-02-10 11:59:33,130 | ERROR | Account WS Error: [Errno 8] nodename nor servname provided, or not known
2026-02-10 11:59:33,461 | ERROR | Price WS Error: [Errno 8] nodename nor servname provided, or not known
2026-02-10 11:59:35,136 | ERROR | Account WS Error: [Errno 8] nodename nor servname provided, or not known
2026-02-10 11:59:35,465 | ERROR | Price WS Error: [Errno 8] nodename nor servname provided, or not known
2026-02-10 11:59:37,142 | ERROR | Account WS Error: [Errno 8] nodename nor servname provided, or not known
2026-02-10 11:59:37,472 | ERROR | Price WS Error: [Errno 8] nodename nor servname provided, or not known
2026-02-10 11:59:39,148 | ERROR | Account WS Error: [Errno 8] nodename nor servname provided, or not known
2026-02-10 11:59:39,479 | ERROR | Price WS Error: [Errno 8] nodename nor servname provided, or not known
2026-02-10 11:59:41,155 | ERROR | Account WS Error: [Errno 8] nodename nor servname provided, or not known
2026-02-10 11:59:41,484 | ERROR | Price WS Error: [Errno 8] nodename nor servname provided, or not known
2026-02-10 11:59:43,162 | ERROR | Account WS Error: [Errno 8] nodename nor servname provided, or not known
2026-02-10 11:59:43,490 | ERROR | Price WS Error: [Errno 8] nodename nor servname provided, or not known
2026-02-10 11:59:45,169 | ERROR | Account WS Error: [Errno 8] nodename nor servname provided, or not known
2026-02-10 11:59:45,497 | ERROR | Price WS Error: [Errno 8] nodename nor servname provided, or not known
2026-02-10 11:59:47,177 | ERROR | Account WS Error: [Errno 8] nodename nor servname provided, or not known
2026-02-10 11:59:47,504 | ERROR | Price WS Error: [Errno 8] nodename nor servname provided, or not known
2026-02-10 11:59:49,183 | ERROR | Account WS Error: [Errno 8] nodename nor servname provided, or not known
2026-02-10 11:59:49,511 | ERROR | Price WS Error: [Errno 8] nodename nor servname provided, or not known
2026-02-10 11:59:51,190 | ERROR | Account WS Error: [Errno 8] nodename nor servname provided, or not known
2026-02-10 11:59:51,517 | ERROR | Price WS Error: [Errno 8] nodename nor servname provided, or not known
2026-02-10 11:59:53,196 | ERROR | Account WS Error: [Errno 8] nodename nor servname provided, or not known
2026-02-10 11:59:53,529 | ERROR | Price WS Error: [Errno 8] nodename nor servname provided, or not known
2026-02-10 11:59:55,199 | ERROR | Account WS Error: [Errno 8] nodename nor servname provided, or not known
2026-02-10 11:59:55,534 | ERROR | Price WS Error: [Errno 8] nodename nor servname provided, or not known
2026-02-10 11:59:57,206 | ERROR | Account WS Error: [Errno 8] nodename nor servname provided, or not known
2026-02-10 11:59:57,539 | ERROR | Price WS Error: [Errno 8] nodename nor servname provided, or not known
2026-02-10 11:59:59,212 | ERROR | Account WS Error: [Errno 8] nodename nor servname provided, or not known
2026-02-10 11:59:59,544 | ERROR | Price WS Error: [Errno 8] nodename nor servname provided, or not known
2026-02-10 12:00:01,217 | ERROR | Account WS Error: [Errno 8] nodename nor servname provided, or not known
2026-02-10 12:00:01,550 | ERROR | Price WS Error: [Errno 8] nodename nor servname provided, or not known
2026-02-10 12:00:03,225 | ERROR | Account WS Error: [Errno 8] nodename nor servname provided, or not known
2026-02-10 12:00:03,557 | ERROR | Price WS Error: [Errno 8] nodename nor servname provided, or not known
2026-02-10 12:00:05,233 | ERROR | Account WS Error: [Errno 8] nodename nor servname provided, or not known
2026-02-10 12:00:05,564 | ERROR | Price WS Error: [Errno 8] nodename nor servname provided, or not known
2026-02-10 12:00:07,240 | ERROR | Account WS Error: [Errno 8] nodename nor servname provided, or not known
2026-02-10 12:00:07,571 | ERROR | Price WS Error: [Errno 8] nodename nor servname provided, or not known
2026-02-10 12:00:09,245 | ERROR | Account WS Error: [Errno 8] nodename nor servname provided, or not known
2026-02-10 12:00:09,578 | ERROR | Price WS Error: [Errno 8] nodename nor servname provided, or not known
2026-02-10 12:00:11,250 | ERROR | Account WS Error: [Errno 8] nodename nor servname provided, or not known
2026-02-10 12:00:11,585 | ERROR | Price WS Error: [Errno 8] nodename nor servname provided, or not known
2026-02-10 12:00:13,255 | ERROR | Account WS Error: [Errno 8] nodename nor servname provided, or not known
2026-02-10 12:00:13,591 | ERROR | Price WS Error: [Errno 8] nodename nor servname provided, or not known
2026-02-10 12:00:15,261 | ERROR | Account WS Error: [Errno 8] nodename nor servname provided, or not known
2026-02-10 12:00:15,604 | ERROR | Price WS Error: [Errno 8] nodename nor servname provided, or not known
2026-02-10 12:00:17,267 | ERROR | Account WS Error: [Errno 8] nodename nor servname provided, or not known
2026-02-10 12:00:17,611 | ERROR | Price WS Error: [Errno 8] nodename nor servname provided, or not known
2026-02-10 12:00:19,273 | ERROR | Account WS Error: [Errno 8] nodename nor servname provided, or not known
2026-02-10 12:00:19,616 | ERROR | Price WS Error: [Errno 8] nodename nor servname provided, or not known
2026-02-10 12:00:21,279 | ERROR | Account WS Error: [Errno 8] nodename nor servname provided, or not known
2026-02-10 12:00:21,623 | ERROR | Price WS Error: [Errno 8] nodename nor servname provided, or not known
2026-02-10 12:00:23,284 | ERROR | Account WS Error: [Errno 8] nodename nor servname provided, or not known
2026-02-10 12:00:23,629 | ERROR | Price WS Error: [Errno 8] nodename nor servname provided, or not known
2026-02-10 12:00:25,290 | ERROR | Account WS Error: [Errno 8] nodename nor servname provided, or not known
2026-02-10 12:00:25,635 | ERROR | Price WS Error: [Errno 8] nodename nor servname provided, or not known
2026-02-10 12:00:27,297 | ERROR | Account WS Error: [Errno 8] nodename nor servname provided, or not known
2026-02-10 12:00:27,641 | ERROR | Price WS Error: [Errno 8] nodename nor servname provided, or not known
2026-02-10 12:00:29,303 | ERROR | Account WS Error: [Errno 8] nodename nor servname provided, or not known
2026-02-10 12:00:29,645 | ERROR | Price WS Error: [Errno 8] nodename nor servname provided, or not known
2026-02-10 12:00:31,310 | ERROR | Account WS Error: [Errno 8] nodename nor servname provided, or not known
2026-02-10 12:00:31,650 | ERROR | Price WS Error: [Errno 8] nodename nor servname provided, or not known
2026-02-10 12:00:33,315 | ERROR | Account WS Error: [Errno 8] nodename nor servname provided, or not known
2026-02-10 12:00:33,656 | ERROR | Price WS Error: [Errno 8] nodename nor servname provided, or not known
2026-02-10 12:00:35,321 | ERROR | Account WS Error: [Errno 8] nodename nor servname provided, or not known
2026-02-10 12:00:35,661 | ERROR | Price WS Error: [Errno 8] nodename nor servname provided, or not known
2026-02-10 12:00:37,326 | ERROR | Account WS Error: [Errno 8] nodename nor servname provided, or not known
2026-02-10 12:00:37,666 | ERROR | Price WS Error: [Errno 8] nodename nor servname provided, or not known
2026-02-10 12:00:39,331 | ERROR | Account WS Error: [Errno 8] nodename nor servname provided, or not known
2026-02-10 12:00:39,671 | ERROR | Price WS Error: [Errno 8] nodename nor servname provided, or not known
2026-02-10 12:00:41,335 | ERROR | Account WS Error: [Errno 8] nodename nor servname provided, or not known
2026-02-10 12:00:41,677 | ERROR | Price WS Error: [Errno 8] nodename nor servname provided, or not known
2026-02-10 12:00:43,340 | ERROR | Account WS Error: [Errno 8] nodename nor servname provided, or not known
2026-02-10 12:00:43,681 | ERROR | Price WS Error: [Errno 8] nodename nor servname provided, or not known
2026-02-10 12:00:45,346 | ERROR | Account WS Error: [Errno 8] nodename nor servname provided, or not known
2026-02-10 12:00:45,686 | ERROR | Price WS Error: [Errno 8] nodename nor servname provided, or not known
2026-02-10 12:00:47,356 | ERROR | Account WS Error: [Errno 8] nodename nor servname provided, or not known
2026-02-10 12:00:47,692 | ERROR | Price WS Error: [Errno 8] nodename nor servname provided, or not known
2026-02-10 12:00:49,362 | ERROR | Account WS Error: [Errno 8] nodename nor servname provided, or not known
2026-02-10 12:00:49,703 | ERROR | Price WS Error: [Errno 8] nodename nor servname provided, or not known
2026-02-10 12:00:51,367 | ERROR | Account WS Error: [Errno 8] nodename nor servname provided, or not known
2026-02-10 12:00:51,710 | ERROR | Price WS Error: [Errno 8] nodename nor servname provided, or not known
2026-02-10 12:00:53,377 | ERROR | Account WS Error: [Errno 8] nodename nor servname provided, or not known
2026-02-10 12:00:53,716 | ERROR | Price WS Error: [Errno 8] nodename nor servname provided, or not known
2026-02-10 12:00:55,383 | ERROR | Account WS Error: [Errno 8] nodename nor servname provided, or not known
2026-02-10 12:00:55,726 | ERROR | Price WS Error: [Errno 8] nodename nor servname provided, or not known
2026-02-10 12:00:57,386 | ERROR | Account WS Error: [Errno 8] nodename nor servname provided, or not known
2026-02-10 12:00:57,731 | ERROR | Price WS Error: [Errno 8] nodename nor servname provided, or not known
2026-02-10 12:00:59,391 | ERROR | Account WS Error: [Errno 8] nodename nor servname provided, or not known
2026-02-10 12:00:59,737 | ERROR | Price WS Error: [Errno 8] nodename nor servname provided, or not known
2026-02-10 12:01:01,397 | ERROR | Account WS Error: [Errno 8] nodename nor servname provided, or not known
2026-02-10 12:01:01,742 | ERROR | Price WS Error: [Errno 8] nodename nor servname provided, or not known
2026-02-10 12:01:03,402 | ERROR | Account WS Error: [Errno 8] nodename nor servname provided, or not known
2026-02-10 12:01:03,747 | ERROR | Price WS Error: [Errno 8] nodename nor servname provided, or not known
2026-02-10 12:01:05,413 | ERROR | Account WS Error: [Errno 8] nodename nor servname provided, or not known
2026-02-10 12:01:05,753 | ERROR | Price WS Error: [Errno 8] nodename nor servname provided, or not known
2026-02-10 12:01:07,419 | ERROR | Account WS Error: [Errno 8] nodename nor servname provided, or not known
2026-02-10 12:01:07,758 | ERROR | Price WS Error: [Errno 8] nodename nor servname provided, or not known
2026-02-10 12:01:09,424 | ERROR | Account WS Error: [Errno 8] nodename nor servname provided, or not known
2026-02-10 12:01:09,770 | ERROR | Price WS Error: [Errno 8] nodename nor servname provided, or not known
2026-02-10 12:01:11,428 | ERROR | Account WS Error: [Errno 8] nodename nor servname provided, or not known
2026-02-10 12:01:11,777 | ERROR | Price WS Error: [Errno 8] nodename nor servname provided, or not known
2026-02-10 12:01:13,434 | ERROR | Account WS Error: [Errno 8] nodename nor servname provided, or not known
2026-02-10 12:01:13,783 | ERROR | Price WS Error: [Errno 8] nodename nor servname provided, or not known
2026-02-10 12:01:15,439 | ERROR | Account WS Error: [Errno 8] nodename nor servname provided, or not known
2026-02-10 12:01:15,789 | ERROR | Price WS Error: [Errno 8] nodename nor servname provided, or not known
2026-02-10 12:01:17,445 | ERROR | Account WS Error: [Errno 8] nodename nor servname provided, or not known
2026-02-10 12:01:17,797 | ERROR | Price WS Error: [Errno 8] nodename nor servname provided, or not known
2026-02-10 12:01:19,451 | ERROR | Account WS Error: [Errno 8] nodename nor servname provided, or not known
2026-02-10 12:01:19,802 | ERROR | Price WS Error: [Errno 8] nodename nor servname provided, or not known
2026-02-10 12:01:21,457 | ERROR | Account WS Error: [Errno 8] nodename nor servname provided, or not known
2026-02-10 12:01:21,808 | ERROR | Price WS Error: [Errno 8] nodename nor servname provided, or not known
2026-02-10 12:01:23,463 | ERROR | Account WS Error: [Errno 8] nodename nor servname provided, or not known
2026-02-10 12:01:23,814 | ERROR | Price WS Error: [Errno 8] nodename nor servname provided, or not known
2026-02-10 12:01:25,469 | ERROR | Account WS Error: [Errno 8] nodename nor servname provided, or not known
2026-02-10 12:01:25,820 | ERROR | Price WS Error: [Errno 8] nodename nor servname provided, or not known
2026-02-10 12:01:27,474 | ERROR | Account WS Error: [Errno 8] nodename nor servname provided, or not known
2026-02-10 12:01:27,825 | ERROR | Price WS Error: [Errno 8] nodename nor servname provided, or not known
2026-02-10 12:01:29,480 | ERROR | Account WS Error: [Errno 8] nodename nor servname provided, or not known
2026-02-10 12:01:29,831 | ERROR | Price WS Error: [Errno 8] nodename nor servname provided, or not known
2026-02-10 12:01:31,486 | ERROR | Account WS Error: [Errno 8] nodename nor servname provided, or not known
2026-02-10 12:01:31,836 | ERROR | Price WS Error: [Errno 8] nodename nor servname provided, or not known
2026-02-10 12:01:33,492 | ERROR | Account WS Error: [Errno 8] nodename nor servname provided, or not known
2026-02-10 12:01:33,842 | ERROR | Price WS Error: [Errno 8] nodename nor servname provided, or not known
2026-02-10 12:01:35,498 | ERROR | Account WS Error: [Errno 8] nodename nor servname provided, or not known
2026-02-10 12:01:35,848 | ERROR | Price WS Error: [Errno 8] nodename nor servname provided, or not known
2026-02-10 12:01:37,504 | ERROR | Account WS Error: [Errno 8] nodename nor servname provided, or not known
2026-02-10 12:01:37,853 | ERROR | Price WS Error: [Errno 8] nodename nor servname provided, or not known
2026-02-10 12:01:39,508 | ERROR | Account WS Error: [Errno 8] nodename nor servname provided, or not known
2026-02-10 12:01:39,858 | ERROR | Price WS Error: [Errno 8] nodename nor servname provided, or not known
2026-02-10 12:01:41,514 | ERROR | Account WS Error: [Errno 8] nodename nor servname provided, or not known
2026-02-10 12:01:41,863 | ERROR | Price WS Error: [Errno 8] nodename nor servname provided, or not known
2026-02-10 12:01:43,518 | ERROR | Account WS Error: [Errno 8] nodename nor servname provided, or not known
2026-02-10 12:01:43,868 | ERROR | Price WS Error: [Errno 8] nodename nor servname provided, or not known
2026-02-10 12:01:45,523 | ERROR | Account WS Error: [Errno 8] nodename nor servname provided, or not known
2026-02-10 12:01:45,873 | ERROR | Price WS Error: [Errno 8] nodename nor servname provided, or not known
2026-02-10 12:01:47,529 | ERROR | Account WS Error: [Errno 8] nodename nor servname provided, or not known
2026-02-10 12:01:47,879 | ERROR | Price WS Error: [Errno 8] nodename nor servname provided, or not known
2026-02-10 12:01:49,533 | ERROR | Account WS Error: [Errno 8] nodename nor servname provided, or not known
2026-02-10 12:01:49,883 | ERROR | Price WS Error: [Errno 8] nodename nor servname provided, or not known
2026-02-10 12:01:51,538 | ERROR | Account WS Error: [Errno 8] nodename nor servname provided, or not known
2026-02-10 12:01:51,889 | ERROR | Price WS Error: [Errno 8] nodename nor servname provided, or not known
2026-02-10 12:01:53,544 | ERROR | Account WS Error: [Errno 8] nodename nor servname provided, or not known
2026-02-10 12:01:53,895 | ERROR | Price WS Error: [Errno 8] nodename nor servname provided, or not known
2026-02-10 12:01:55,550 | ERROR | Account WS Error: [Errno 8] nodename nor servname provided, or not known
2026-02-10 12:01:55,900 | ERROR | Price WS Error: [Errno 8] nodename nor servname provided, or not known
2026-02-10 12:01:57,556 | ERROR | Account WS Error: [Errno 8] nodename nor servname provided, or not known
2026-02-10 12:01:57,906 | ERROR | Price WS Error: [Errno 8] nodename nor servname provided, or not known
2026-02-10 12:01:59,561 | ERROR | Account WS Error: [Errno 8] nodename nor servname provided, or not known
2026-02-10 12:01:59,912 | ERROR | Price WS Error: [Errno 8] nodename nor servname provided, or not known
2026-02-10 12:02:01,565 | ERROR | Account WS Error: [Errno 8] nodename nor servname provided, or not known
2026-02-10 12:02:01,918 | ERROR | Price WS Error: [Errno 8] nodename nor servname provided, or not known
2026-02-10 12:02:03,571 | ERROR | Account WS Error: [Errno 8] nodename nor servname provided, or not known
2026-02-10 12:02:03,922 | ERROR | Price WS Error: [Errno 8] nodename nor servname provided, or not known
2026-02-10 12:02:05,576 | ERROR | Account WS Error: [Errno 8] nodename nor servname provided, or not known
2026-02-10 12:02:05,927 | ERROR | Price WS Error: [Errno 8] nodename nor servname provided, or not known
2026-02-10 12:02:07,581 | ERROR | Account WS Error: [Errno 8] nodename nor servname provided, or not known
2026-02-10 12:02:07,931 | ERROR | Price WS Error: [Errno 8] nodename nor servname provided, or not known
2026-02-10 12:02:09,587 | ERROR | Account WS Error: [Errno 8] nodename nor servname provided, or not known
2026-02-10 12:02:09,937 | ERROR | Price WS Error: [Errno 8] nodename nor servname provided, or not known
2026-02-10 12:02:11,591 | ERROR | Account WS Error: [Errno 8] nodename nor servname provided, or not known
2026-02-10 12:02:11,943 | ERROR | Price WS Error: [Errno 8] nodename nor servname provided, or not known
2026-02-10 12:02:13,598 | ERROR | Account WS Error: [Errno 8] nodename nor servname provided, or not known
2026-02-10 12:02:13,952 | ERROR | Price WS Error: [Errno 8] nodename nor servname provided, or not known
2026-02-10 12:02:15,603 | ERROR | Account WS Error: [Errno 8] nodename nor servname provided, or not known
2026-02-10 12:02:15,957 | ERROR | Price WS Error: [Errno 8] nodename nor servname provided, or not known
2026-02-10 12:02:17,608 | ERROR | Account WS Error: [Errno 8] nodename nor servname provided, or not known
2026-02-10 12:02:17,961 | ERROR | Price WS Error: [Errno 8] nodename nor servname provided, or not known
2026-02-10 12:02:19,613 | ERROR | Account WS Error: [Errno 8] nodename nor servname provided, or not known
2026-02-10 12:02:19,967 | ERROR | Price WS Error: [Errno 8] nodename nor servname provided, or not known
2026-02-10 12:02:21,619 | ERROR | Account WS Error: [Errno 8] nodename nor servname provided, or not known
2026-02-10 12:02:21,973 | ERROR | Price WS Error: [Errno 8] nodename nor servname provided, or not known
2026-02-10 12:02:23,624 | ERROR | Account WS Error: [Errno 8] nodename nor servname provided, or not known
2026-02-10 12:02:23,979 | ERROR | Price WS Error: [Errno 8] nodename nor servname provided, or not known
2026-02-10 12:02:25,630 | ERROR | Account WS Error: [Errno 8] nodename nor servname provided, or not known
2026-02-10 12:02:25,985 | ERROR | Price WS Error: [Errno 8] nodename nor servname provided, or not known
2026-02-10 12:02:27,636 | ERROR | Account WS Error: [Errno 8] nodename nor servname provided, or not known
2026-02-10 12:02:27,989 | ERROR | Price WS Error: [Errno 8] nodename nor servname provided, or not known
2026-02-10 12:02:29,640 | ERROR | Account WS Error: [Errno 8] nodename nor servname provided, or not known
2026-02-10 12:02:29,995 | ERROR | Price WS Error: [Errno 8] nodename nor servname provided, or not known
2026-02-10 12:02:31,646 | ERROR | Account WS Error: [Errno 8] nodename nor servname provided, or not known
2026-02-10 12:02:31,998 | ERROR | Price WS Error: [Errno 8] nodename nor servname provided, or not known
2026-02-10 12:02:33,652 | ERROR | Account WS Error: [Errno 8] nodename nor servname provided, or not known
2026-02-10 12:02:34,004 | ERROR | Price WS Error: [Errno 8] nodename nor servname provided, or not known
2026-02-10 12:02:35,657 | ERROR | Account WS Error: [Errno 8] nodename nor servname provided, or not known
2026-02-10 12:02:36,009 | ERROR | Price WS Error: [Errno 8] nodename nor servname provided, or not known
2026-02-10 12:02:37,663 | ERROR | Account WS Error: [Errno 8] nodename nor servname provided, or not known
2026-02-10 12:02:38,014 | ERROR | Price WS Error: [Errno 8] nodename nor servname provided, or not known
2026-02-10 12:02:39,668 | ERROR | Account WS Error: [Errno 8] nodename nor servname provided, or not known
2026-02-10 12:02:40,026 | ERROR | Price WS Error: [Errno 8] nodename nor servname provided, or not known
2026-02-10 12:02:41,673 | ERROR | Account WS Error: [Errno 8] nodename nor servname provided, or not known
2026-02-10 12:02:42,030 | ERROR | Price WS Error: [Errno 8] nodename nor servname provided, or not known
2026-02-10 12:02:43,678 | ERROR | Account WS Error: [Errno 8] nodename nor servname provided, or not known
2026-02-10 12:02:44,035 | ERROR | Price WS Error: [Errno 8] nodename nor servname provided, or not known
2026-02-10 12:02:45,682 | ERROR | Account WS Error: [Errno 8] nodename nor servname provided, or not known
2026-02-10 12:02:46,041 | ERROR | Price WS Error: [Errno 8] nodename nor servname provided, or not known
2026-02-10 12:02:47,688 | ERROR | Account WS Error: [Errno 8] nodename nor servname provided, or not known
2026-02-10 12:02:48,047 | ERROR | Price WS Error: [Errno 8] nodename nor servname provided, or not known
2026-02-10 12:02:49,691 | ERROR | Account WS Error: [Errno 8] nodename nor servname provided, or not known
2026-02-10 12:02:50,052 | ERROR | Price WS Error: [Errno 8] nodename nor servname provided, or not known
2026-02-10 12:02:51,697 | ERROR | Account WS Error: [Errno 8] nodename nor servname provided, or not known
2026-02-10 12:02:52,058 | ERROR | Price WS Error: [Errno 8] nodename nor servname provided, or not known
2026-02-10 12:02:53,703 | ERROR | Account WS Error: [Errno 8] nodename nor servname provided, or not known
2026-02-10 12:02:54,064 | ERROR | Price WS Error: [Errno 8] nodename nor servname provided, or not known
2026-02-10 12:02:55,709 | ERROR | Account WS Error: [Errno 8] nodename nor servname provided, or not known
2026-02-10 12:02:56,069 | ERROR | Price WS Error: [Errno 8] nodename nor servname provided, or not known
2026-02-10 12:02:57,027 | ERROR | Keepalive failed: HTTPSConnectionPool(host='testnet.binancefuture.com', port=443): Max retries exceeded with url: /fapi/v1/listenKey?listenKey=gWzp30xnTsIxjtsH0XOSe60rN6mcsfubKLt5sK3bqJa9p3Einh8RM4YQeOeQndX2 (Caused by NameResolutionError("HTTPSConnection(host='testnet.binancefuture.com', port=443): Failed to resolve 'testnet.binancefuture.com' ([Errno 8] nodename nor servname provided, or not known)"))
2026-02-10 12:02:57,715 | ERROR | Account WS Error: [Errno 8] nodename nor servname provided, or not known
2026-02-10 12:02:58,075 | ERROR | Price WS Error: [Errno 8] nodename nor servname provided, or not known
2026-02-10 12:02:59,718 | ERROR | Account WS Error: [Errno 8] nodename nor servname provided, or not known
2026-02-10 12:03:00,080 | ERROR | Price WS Error: [Errno 8] nodename nor servname provided, or not known
2026-02-10 12:03:01,724 | ERROR | Account WS Error: [Errno 8] nodename nor servname provided, or not known
2026-02-10 12:03:02,086 | ERROR | Price WS Error: [Errno 8] nodename nor servname provided, or not known
2026-02-10 12:03:03,729 | ERROR | Account WS Error: [Errno 8] nodename nor servname provided, or not known
2026-02-10 12:03:04,092 | ERROR | Price WS Error: [Errno 8] nodename nor servname provided, or not known
2026-02-10 12:03:05,733 | ERROR | Account WS Error: [Errno 8] nodename nor servname provided, or not known
2026-02-10 12:03:06,096 | ERROR | Price WS Error: [Errno 8] nodename nor servname provided, or not known
2026-02-10 12:03:07,739 | ERROR | Account WS Error: [Errno 8] nodename nor servname provided, or not known
2026-02-10 12:03:08,102 | ERROR | Price WS Error: [Errno 8] nodename nor servname provided, or not known
2026-02-10 12:03:09,744 | ERROR | Account WS Error: [Errno 8] nodename nor servname provided, or not known
2026-02-10 12:03:10,108 | ERROR | Price WS Error: [Errno 8] nodename nor servname provided, or not known
2026-02-10 12:03:11,760 | ERROR | Account WS Error: [Errno 8] nodename nor servname provided, or not known
2026-02-10 12:03:12,113 | ERROR | Price WS Error: [Errno 8] nodename nor servname provided, or not known
2026-02-10 12:03:13,766 | ERROR | Account WS Error: [Errno 8] nodename nor servname provided, or not known
2026-02-10 12:03:14,117 | ERROR | Price WS Error: [Errno 8] nodename nor servname provided, or not known
2026-02-10 12:03:15,771 | ERROR | Account WS Error: [Errno 8] nodename nor servname provided, or not known
2026-02-10 12:03:16,122 | ERROR | Price WS Error: [Errno 8] nodename nor servname provided, or not known
2026-02-10 12:03:17,781 | ERROR | Account WS Error: [Errno 8] nodename nor servname provided, or not known
2026-02-10 12:03:18,128 | ERROR | Price WS Error: [Errno 8] nodename nor servname provided, or not known
2026-02-10 12:03:19,786 | ERROR | Account WS Error: [Errno 8] nodename nor servname provided, or not known
2026-02-10 12:03:20,132 | ERROR | Price WS Error: [Errno 8] nodename nor servname provided, or not known
2026-02-10 12:03:21,791 | ERROR | Account WS Error: [Errno 8] nodename nor servname provided, or not known
2026-02-10 12:03:22,137 | ERROR | Price WS Error: [Errno 8] nodename nor servname provided, or not known
2026-02-10 12:03:23,797 | ERROR | Account WS Error: [Errno 8] nodename nor servname provided, or not known
2026-02-10 12:03:24,141 | ERROR | Price WS Error: [Errno 8] nodename nor servname provided, or not known
2026-02-10 12:03:25,802 | ERROR | Account WS Error: [Errno 8] nodename nor servname provided, or not known
2026-02-10 12:03:26,147 | ERROR | Price WS Error: [Errno 8] nodename nor servname provided, or not known
2026-02-10 12:03:27,806 | ERROR | Account WS Error: [Errno 8] nodename nor servname provided, or not known
2026-02-10 12:03:28,152 | ERROR | Price WS Error: [Errno 8] nodename nor servname provided, or not known
2026-02-10 12:03:29,811 | ERROR | Account WS Error: [Errno 8] nodename nor servname provided, or not known
2026-02-10 12:03:30,157 | ERROR | Price WS Error: [Errno 8] nodename nor servname provided, or not known
2026-02-10 12:03:31,816 | ERROR | Account WS Error: [Errno 8] nodename nor servname provided, or not known
2026-02-10 12:03:32,163 | ERROR | Price WS Error: [Errno 8] nodename nor servname provided, or not known
2026-02-10 12:03:33,821 | ERROR | Account WS Error: [Errno 8] nodename nor servname provided, or not known
2026-02-10 12:03:34,167 | ERROR | Price WS Error: [Errno 8] nodename nor servname provided, or not known
2026-02-10 12:03:35,827 | ERROR | Account WS Error: [Errno 8] nodename nor servname provided, or not known
2026-02-10 12:03:36,173 | ERROR | Price WS Error: [Errno 8] nodename nor servname provided, or not known
2026-02-10 12:03:37,831 | ERROR | Account WS Error: [Errno 8] nodename nor servname provided, or not known
2026-02-10 12:03:38,178 | ERROR | Price WS Error: [Errno 8] nodename nor servname provided, or not known
2026-02-10 12:03:39,837 | ERROR | Account WS Error: [Errno 8] nodename nor servname provided, or not known
2026-02-10 12:03:40,182 | ERROR | Price WS Error: [Errno 8] nodename nor servname provided, or not known
2026-02-10 12:03:41,842 | ERROR | Account WS Error: [Errno 8] nodename nor servname provided, or not known
2026-02-10 12:03:42,188 | ERROR | Price WS Error: [Errno 8] nodename nor servname provided, or not known
2026-02-10 12:03:43,846 | ERROR | Account WS Error: [Errno 8] nodename nor servname provided, or not known
2026-02-10 12:03:44,192 | ERROR | Price WS Error: [Errno 8] nodename nor servname provided, or not known
2026-02-10 12:03:45,850 | ERROR | Account WS Error: [Errno 8] nodename nor servname provided, or not known
2026-02-10 12:03:46,197 | ERROR | Price WS Error: [Errno 8] nodename nor servname provided, or not known
2026-02-10 12:03:47,856 | ERROR | Account WS Error: [Errno 8] nodename nor servname provided, or not known
2026-02-10 12:03:48,202 | ERROR | Price WS Error: [Errno 8] nodename nor servname provided, or not known
2026-02-10 12:03:49,861 | ERROR | Account WS Error: [Errno 8] nodename nor servname provided, or not known
2026-02-10 12:03:50,208 | ERROR | Price WS Error: [Errno 8] nodename nor servname provided, or not known
2026-02-10 12:03:51,866 | ERROR | Account WS Error: [Errno 8] nodename nor servname provided, or not known
2026-02-10 12:03:52,213 | ERROR | Price WS Error: [Errno 8] nodename nor servname provided, or not known
2026-02-10 12:03:53,870 | ERROR | Account WS Error: [Errno 8] nodename nor servname provided, or not known
2026-02-10 12:03:54,218 | ERROR | Price WS Error: [Errno 8] nodename nor servname provided, or not known
2026-02-10 12:03:55,875 | ERROR | Account WS Error: [Errno 8] nodename nor servname provided, or not known
2026-02-10 12:03:56,223 | ERROR | Price WS Error: [Errno 8] nodename nor servname provided, or not known
2026-02-10 12:03:57,879 | ERROR | Account WS Error: [Errno 8] nodename nor servname provided, or not known
2026-02-10 12:03:58,227 | ERROR | Price WS Error: [Errno 8] nodename nor servname provided, or not known
2026-02-10 12:03:59,885 | ERROR | Account WS Error: [Errno 8] nodename nor servname provided, or not known
2026-02-10 12:04:00,238 | ERROR | Price WS Error: [Errno 8] nodename nor servname provided, or not known
2026-02-10 12:04:01,891 | ERROR | Account WS Error: [Errno 8] nodename nor servname provided, or not known
2026-02-10 12:04:02,242 | ERROR | Price WS Error: [Errno 8] nodename nor servname provided, or not known
2026-02-10 12:04:03,896 | ERROR | Account WS Error: [Errno 8] nodename nor servname provided, or not known
2026-02-10 12:04:04,248 | ERROR | Price WS Error: [Errno 8] nodename nor servname provided, or not known
2026-02-10 12:04:05,901 | ERROR | Account WS Error: [Errno 8] nodename nor servname provided, or not known
2026-02-10 12:04:06,254 | ERROR | Price WS Error: [Errno 8] nodename nor servname provided, or not known
2026-02-10 12:04:07,907 | ERROR | Account WS Error: [Errno 8] nodename nor servname provided, or not known
2026-02-10 12:04:08,258 | ERROR | Price WS Error: [Errno 8] nodename nor servname provided, or not known
2026-02-10 12:04:09,911 | ERROR | Account WS Error: [Errno 8] nodename nor servname provided, or not known
2026-02-10 12:04:10,263 | ERROR | Price WS Error: [Errno 8] nodename nor servname provided, or not known
2026-02-10 12:04:11,917 | ERROR | Account WS Error: [Errno 8] nodename nor servname provided, or not known
2026-02-10 12:04:12,268 | ERROR | Price WS Error: [Errno 8] nodename nor servname provided, or not known
2026-02-10 12:04:13,922 | ERROR | Account WS Error: [Errno 8] nodename nor servname provided, or not known
2026-02-10 12:04:14,273 | ERROR | Price WS Error: [Errno 8] nodename nor servname provided, or not known
2026-02-10 12:04:15,928 | ERROR | Account WS Error: [Errno 8] nodename nor servname provided, or not known
2026-02-10 12:04:16,279 | ERROR | Price WS Error: [Errno 8] nodename nor servname provided, or not known
2026-02-10 12:04:17,933 | ERROR | Account WS Error: [Errno 8] nodename nor servname provided, or not known
2026-02-10 12:04:18,283 | ERROR | Price WS Error: [Errno 8] nodename nor servname provided, or not known
2026-02-10 12:04:19,939 | ERROR | Account WS Error: [Errno 8] nodename nor servname provided, or not known
2026-02-10 12:04:20,289 | ERROR | Price WS Error: [Errno 8] nodename nor servname provided, or not known
2026-02-10 12:04:21,944 | ERROR | Account WS Error: [Errno 8] nodename nor servname provided, or not known
2026-02-10 12:04:22,294 | ERROR | Price WS Error: [Errno 8] nodename nor servname provided, or not known
2026-02-10 12:04:23,950 | ERROR | Account WS Error: [Errno 8] nodename nor servname provided, or not known
2026-02-10 12:04:24,301 | ERROR | Price WS Error: [Errno 8] nodename nor servname provided, or not known
2026-02-10 12:04:25,954 | ERROR | Account WS Error: [Errno 8] nodename nor servname provided, or not known
2026-02-10 12:04:26,306 | ERROR | Price WS Error: [Errno 8] nodename nor servname provided, or not known
2026-02-10 12:04:27,959 | ERROR | Account WS Error: [Errno 8] nodename nor servname provided, or not known
2026-02-10 12:04:28,311 | ERROR | Price WS Error: [Errno 8] nodename nor servname provided, or not known
2026-02-10 12:04:29,965 | ERROR | Account WS Error: [Errno 8] nodename nor servname provided, or not known
2026-02-10 12:04:30,316 | ERROR | Price WS Error: [Errno 8] nodename nor servname provided, or not known
2026-02-10 12:04:31,973 | ERROR | Account WS Error: [Errno 8] nodename nor servname provided, or not known
2026-02-10 12:04:32,322 | ERROR | Price WS Error: [Errno 8] nodename nor servname provided, or not known
2026-02-10 12:04:33,979 | ERROR | Account WS Error: [Errno 8] nodename nor servname provided, or not known
2026-02-10 12:04:34,327 | ERROR | Price WS Error: [Errno 8] nodename nor servname provided, or not known
2026-02-10 12:04:35,985 | ERROR | Account WS Error: [Errno 8] nodename nor servname provided, or not known
2026-02-10 12:04:36,333 | ERROR | Price WS Error: [Errno 8] nodename nor servname provided, or not known
2026-02-10 12:04:37,991 | ERROR | Account WS Error: [Errno 8] nodename nor servname provided, or not known
2026-02-10 12:04:38,338 | ERROR | Price WS Error: [Errno 8] nodename nor servname provided, or not known
2026-02-10 12:04:39,996 | ERROR | Account WS Error: [Errno 8] nodename nor servname provided, or not known
2026-02-10 12:04:40,342 | ERROR | Price WS Error: [Errno 8] nodename nor servname provided, or not known
2026-02-10 12:04:42,002 | ERROR | Account WS Error: [Errno 8] nodename nor servname provided, or not known
2026-02-10 12:04:42,348 | ERROR | Price WS Error: [Errno 8] nodename nor servname provided, or not known
2026-02-10 12:04:44,006 | ERROR | Account WS Error: [Errno 8] nodename nor servname provided, or not known
2026-02-10 12:04:44,353 | ERROR | Price WS Error: [Errno 8] nodename nor servname provided, or not known
2026-02-10 12:04:46,010 | ERROR | Account WS Error: [Errno 8] nodename nor servname provided, or not known
2026-02-10 12:04:46,364 | ERROR | Price WS Error: [Errno 8] nodename nor servname provided, or not known
2026-02-10 12:04:48,016 | ERROR | Account WS Error: [Errno 8] nodename nor servname provided, or not known
2026-02-10 12:04:48,369 | ERROR | Price WS Error: [Errno 8] nodename nor servname provided, or not known
2026-02-10 12:04:50,021 | ERROR | Account WS Error: [Errno 8] nodename nor servname provided, or not known
2026-02-10 12:04:50,374 | ERROR | Price WS Error: [Errno 8] nodename nor servname provided, or not known
2026-02-10 12:04:52,027 | ERROR | Account WS Error: [Errno 8] nodename nor servname provided, or not known
2026-02-10 12:04:52,381 | ERROR | Price WS Error: [Errno 8] nodename nor servname provided, or not known
2026-02-10 12:04:54,031 | ERROR | Account WS Error: [Errno 8] nodename nor servname provided, or not known
2026-02-10 12:04:54,387 | ERROR | Price WS Error: [Errno 8] nodename nor servname provided, or not known
2026-02-10 12:04:56,037 | ERROR | Account WS Error: [Errno 8] nodename nor servname provided, or not known
2026-02-10 12:04:56,392 | ERROR | Price WS Error: [Errno 8] nodename nor servname provided, or not known
2026-02-10 12:04:58,042 | ERROR | Account WS Error: [Errno 8] nodename nor servname provided, or not known
2026-02-10 12:04:58,397 | ERROR | Price WS Error: [Errno 8] nodename nor servname provided, or not known
2026-02-10 12:05:00,047 | ERROR | Account WS Error: [Errno 8] nodename nor servname provided, or not known
2026-02-10 12:05:00,403 | ERROR | Price WS Error: [Errno 8] nodename nor servname provided, or not known
2026-02-10 12:05:02,052 | ERROR | Account WS Error: [Errno 8] nodename nor servname provided, or not known
2026-02-10 12:05:02,407 | ERROR | Price WS Error: [Errno 8] nodename nor servname provided, or not known
2026-02-10 12:05:04,058 | ERROR | Account WS Error: [Errno 8] nodename nor servname provided, or not known
2026-02-10 12:05:04,412 | ERROR | Price WS Error: [Errno 8] nodename nor servname provided, or not known
2026-02-10 12:05:06,062 | ERROR | Account WS Error: [Errno 8] nodename nor servname provided, or not known
2026-02-10 12:05:06,417 | ERROR | Price WS Error: [Errno 8] nodename nor servname provided, or not known
2026-02-10 12:05:08,067 | ERROR | Account WS Error: [Errno 8] nodename nor servname provided, or not known
2026-02-10 12:05:08,421 | ERROR | Price WS Error: [Errno 8] nodename nor servname provided, or not known
2026-02-10 12:05:10,070 | ERROR | Account WS Error: [Errno 8] nodename nor servname provided, or not known
2026-02-10 12:05:10,426 | ERROR | Price WS Error: [Errno 8] nodename nor servname provided, or not known
2026-02-10 12:05:12,076 | ERROR | Account WS Error: [Errno 8] nodename nor servname provided, or not known
2026-02-10 12:05:12,431 | ERROR | Price WS Error: [Errno 8] nodename nor servname provided, or not known
2026-02-10 12:05:14,082 | ERROR | Account WS Error: [Errno 8] nodename nor servname provided, or not known
2026-02-10 12:05:14,437 | ERROR | Price WS Error: [Errno 8] nodename nor servname provided, or not known
2026-02-10 12:05:16,087 | ERROR | Account WS Error: [Errno 8] nodename nor servname provided, or not known
2026-02-10 12:05:16,443 | ERROR | Price WS Error: [Errno 8] nodename nor servname provided, or not known
2026-02-10 12:05:18,092 | ERROR | Account WS Error: [Errno 8] nodename nor servname provided, or not known
2026-02-10 12:05:18,448 | ERROR | Price WS Error: [Errno 8] nodename nor servname provided, or not known
2026-02-10 12:05:20,098 | ERROR | Account WS Error: [Errno 8] nodename nor servname provided, or not known
2026-02-10 12:05:20,454 | ERROR | Price WS Error: [Errno 8] nodename nor servname provided, or not known
2026-02-10 12:05:22,102 | ERROR | Account WS Error: [Errno 8] nodename nor servname provided, or not known
2026-02-10 12:05:22,458 | ERROR | Price WS Error: [Errno 8] nodename nor servname provided, or not known
2026-02-10 12:05:24,107 | ERROR | Account WS Error: [Errno 8] nodename nor servname provided, or not known
2026-02-10 12:05:24,463 | ERROR | Price WS Error: [Errno 8] nodename nor servname provided, or not known
2026-02-10 12:05:26,110 | ERROR | Account WS Error: [Errno 8] nodename nor servname provided, or not known
2026-02-10 12:05:26,466 | ERROR | Price WS Error: [Errno 8] nodename nor servname provided, or not known
2026-02-10 12:05:28,115 | ERROR | Account WS Error: [Errno 8] nodename nor servname provided, or not known
2026-02-10 12:05:28,480 | ERROR | Price WS Error: [Errno 8] nodename nor servname provided, or not known
2026-02-10 12:05:30,121 | ERROR | Account WS Error: [Errno 8] nodename nor servname provided, or not known
2026-02-10 12:05:30,485 | ERROR | Price WS Error: [Errno 8] nodename nor servname provided, or not known
2026-02-10 12:05:32,127 | ERROR | Account WS Error: [Errno 8] nodename nor servname provided, or not known
2026-02-10 12:05:32,491 | ERROR | Price WS Error: [Errno 8] nodename nor servname provided, or not known
2026-02-10 12:05:34,131 | ERROR | Account WS Error: [Errno 8] nodename nor servname provided, or not known
2026-02-10 12:05:34,496 | ERROR | Price WS Error: [Errno 8] nodename nor servname provided, or not known
2026-02-10 12:05:36,136 | ERROR | Account WS Error: [Errno 8] nodename nor servname provided, or not known
2026-02-10 12:05:36,500 | ERROR | Price WS Error: [Errno 8] nodename nor servname provided, or not known
2026-02-10 12:05:38,141 | ERROR | Account WS Error: [Errno 8] nodename nor servname provided, or not known
2026-02-10 12:05:38,506 | ERROR | Price WS Error: [Errno 8] nodename nor servname provided, or not known
2026-02-10 12:05:40,146 | ERROR | Account WS Error: [Errno 8] nodename nor servname provided, or not known
2026-02-10 12:05:40,511 | ERROR | Price WS Error: [Errno 8] nodename nor servname provided, or not known
2026-02-10 12:05:42,152 | ERROR | Account WS Error: [Errno 8] nodename nor servname provided, or not known
2026-02-10 12:05:42,517 | ERROR | Price WS Error: [Errno 8] nodename nor servname provided, or not known
2026-02-10 12:05:44,156 | ERROR | Account WS Error: [Errno 8] nodename nor servname provided, or not known
2026-02-10 12:05:44,521 | ERROR | Price WS Error: [Errno 8] nodename nor servname provided, or not known
2026-02-10 12:05:46,162 | ERROR | Account WS Error: [Errno 8] nodename nor servname provided, or not known
2026-02-10 12:05:46,528 | ERROR | Price WS Error: [Errno 8] nodename nor servname provided, or not known
2026-02-10 12:05:48,167 | ERROR | Account WS Error: [Errno 8] nodename nor servname provided, or not known
2026-02-10 12:05:48,534 | ERROR | Price WS Error: [Errno 8] nodename nor servname provided, or not known
2026-02-10 12:05:50,194 | ERROR | Account WS Error: [Errno 8] nodename nor servname provided, or not known
2026-02-10 12:05:50,539 | ERROR | Price WS Error: [Errno 8] nodename nor servname provided, or not known
2026-02-10 12:05:53,298 | INFO | Account WebSocket Connected
2026-02-10 13:25:08,020 | INFO | Initializing UI...
2026-02-10 13:25:12,072 | INFO | Loaded 1 existing positions.
2026-02-10 13:25:12,087 | INFO | Attempting to connect to Binance Futures...
2026-02-10 13:25:12,529 | INFO | Connection Successful. Listen Key acquired.
2026-02-10 13:25:15,255 | INFO | Account WebSocket Connected
